<?xml version="1.0" encoding="UTF-8"?>
<testng-results skipped="0" failed="1" total="1" passed="0">
  <reporter-output>
  </reporter-output>
  <suite name="Default suite" duration-ms="44438" started-at="2016-02-04T04:30:30Z" finished-at="2016-02-04T04:31:15Z">
    <groups>
    </groups>
    <test name="Default test" duration-ms="44438" started-at="2016-02-04T04:30:30Z" finished-at="2016-02-04T04:31:15Z">
      <class name="GalenBasicTest.MultipleResolutionTests">
        <test-method status="PASS" signature="initDriver([Ljava.lang.Object;)[pri:0, instance:GalenBasicTest.MultipleResolutionTests@1134affc]" name="initDriver" is-config="true" duration-ms="21736" started-at="2016-02-04T10:00:31Z" finished-at="2016-02-04T10:00:52Z">
          <params>
            <param index="0">
              <value>
                <![CDATA[[Ljava.lang.Object;@55dfebeb]]>
              </value>
            </param>
          </params>
          <reporter-output>
          </reporter-output>
        </test-method> <!-- initDriver -->
        <test-method status="PASS" signature="initReport(java.lang.reflect.Method)[pri:0, instance:GalenBasicTest.MultipleResolutionTests@1134affc]" name="initReport" is-config="true" duration-ms="5" started-at="2016-02-04T10:00:52Z" finished-at="2016-02-04T10:00:52Z">
          <params>
            <param index="0">
              <value>
                <![CDATA[public void GalenBasicTest.MultipleResolutionTests.TestGalenSite(GalenBasicTest.TestData) throws java.io.IOException]]>
              </value>
            </param>
          </params>
          <reporter-output>
          </reporter-output>
        </test-method> <!-- initReport -->
        <test-method status="FAIL" signature="TestGalenSite(GalenBasicTest.TestData)[pri:0, instance:GalenBasicTest.MultipleResolutionTests@1134affc]" name="TestGalenSite" duration-ms="22043" started-at="2016-02-04T10:00:52Z" data-provider="DriverSettings" finished-at="2016-02-04T10:01:14Z">
          <params>
            <param index="0">
              <value>
                <![CDATA[GalenBasicTest.TestData@624ea235]]>
              </value>
            </param>
          </params>
          <exception class="com.galenframework.support.LayoutValidationException">
            <message>
              <![CDATA[Specs//MultipleResolution.spec, tags: [desktop 1280 X 720]
  - "LoginButton" width is 78px which is not in range of 68 to 72px (Specs//MultipleResolution.spec:16)
  - "LoginButton" height is 46px which is not in range of 38 to 42px (Specs//MultipleResolution.spec:17)
]]>
            </message>
            <full-stacktrace>
              <![CDATA[com.galenframework.support.LayoutValidationException: Specs//MultipleResolution.spec, tags: [desktop 1280 X 720]
  - "LoginButton" width is 78px which is not in range of 68 to 72px (Specs//MultipleResolution.spec:16)
  - "LoginButton" height is 46px which is not in range of 38 to 42px (Specs//MultipleResolution.spec:17)

	at com.galenframework.support.GalenJavaTestBase.checkLayout(GalenJavaTestBase.java:123)
	at com.galenframework.support.GalenJavaTestBase.checkLayout(GalenJavaTestBase.java:105)
	at GalenBasicTest.MultipleResolutionTests.TestGalenSite(MultipleResolutionTests.java:68)
	at sun.reflect.NativeMethodAccessorImpl.invoke0(Native Method)
	at sun.reflect.NativeMethodAccessorImpl.invoke(NativeMethodAccessorImpl.java:62)
	at sun.reflect.DelegatingMethodAccessorImpl.invoke(DelegatingMethodAccessorImpl.java:43)
	at java.lang.reflect.Method.invoke(Method.java:483)
	at org.testng.internal.MethodInvocationHelper.invokeMethod(MethodInvocationHelper.java:84)
	at org.testng.internal.Invoker.invokeMethod(Invoker.java:714)
	at org.testng.internal.Invoker.invokeTestMethod(Invoker.java:901)
	at org.testng.internal.Invoker.invokeTestMethods(Invoker.java:1231)
	at org.testng.internal.TestMethodWorker.invokeTestMethods(TestMethodWorker.java:127)
	at org.testng.internal.TestMethodWorker.run(TestMethodWorker.java:111)
	at org.testng.TestRunner.privateRun(TestRunner.java:767)
	at org.testng.TestRunner.run(TestRunner.java:617)
	at org.testng.SuiteRunner.runTest(SuiteRunner.java:334)
	at org.testng.SuiteRunner.runSequentially(SuiteRunner.java:329)
	at org.testng.SuiteRunner.privateRun(SuiteRunner.java:291)
	at org.testng.SuiteRunner.run(SuiteRunner.java:240)
	at org.testng.SuiteRunnerWorker.runSuite(SuiteRunnerWorker.java:52)
	at org.testng.SuiteRunnerWorker.run(SuiteRunnerWorker.java:86)
	at org.testng.TestNG.runSuitesSequentially(TestNG.java:1224)
	at org.testng.TestNG.runSuitesLocally(TestNG.java:1149)
	at org.testng.TestNG.run(TestNG.java:1057)
	at org.testng.remote.RemoteTestNG.run(RemoteTestNG.java:111)
	at org.testng.remote.RemoteTestNG.initAndRun(RemoteTestNG.java:204)
	at org.testng.remote.RemoteTestNG.main(RemoteTestNG.java:175)
]]>
            </full-stacktrace>
          </exception> <!-- com.galenframework.support.LayoutValidationException -->
          <reporter-output>
          </reporter-output>
        </test-method> <!-- TestGalenSite -->
        <test-method status="PASS" signature="quitDriver()[pri:0, instance:GalenBasicTest.MultipleResolutionTests@1134affc]" name="quitDriver" is-config="true" duration-ms="539" started-at="2016-02-04T10:01:14Z" finished-at="2016-02-04T10:01:15Z">
          <reporter-output>
          </reporter-output>
        </test-method> <!-- quitDriver -->
      </class> <!-- GalenBasicTest.MultipleResolutionTests -->
    </test> <!-- Default test -->
  </suite> <!-- Default suite -->
</testng-results>
